# JRE version: Java(TM) SE Runtime Environment (8.0_152-b16) (build 1.8.0_152-b16)
# Java VM: Java HotSpot(TM) 64-Bit Server VM (25.152-b16 mixed mode windows-amd64 compressed oops)
Heap:
 PSYoungGen      total 355328K, used 11983K [0x0000000716200000, 0x000000072d000000, 0x00000007c0000000)
  eden space 335872K, 3% used [0x0000000716200000,0x0000000716db3dc0,0x000000072aa00000)
  from space 19456K, 0% used [0x000000072aa00000,0x000000072aa00000,0x000000072bd00000)
  to   space 19456K, 0% used [0x000000072bd00000,0x000000072bd00000,0x000000072d000000)
 ParOldGen       total 501248K, used 21304K [0x00000005c2600000, 0x00000005e0f80000, 0x0000000716200000)
  object space 501248K, 4% used [0x00000005c2600000,0x00000005c3ace390,0x00000005e0f80000)
 Metaspace       used 58146K, capacity 62244K, committed 62488K, reserved 1103872K
  class space    used 7933K, capacity 8680K, committed 8752K, reserved 1048576K
GC Heap History (10 events):
Event: 187.323 GC heap before
{Heap before GC invocations=14 (full 5):
 PSYoungGen      total 331264K, used 5304K [0x0000000716200000, 0x000000072d000000, 0x00000007c0000000)
  eden space 311808K, 0% used [0x0000000716200000,0x0000000716200000,0x0000000729280000)
  from space 19456K, 27% used [0x0000000729280000,0x00000007297ae320,0x000000072a580000)
  to   space 19456K, 0% used [0x000000072bd00000,0x000000072bd00000,0x000000072d000000)
 ParOldGen       total 501248K, used 21671K [0x00000005c2600000, 0x00000005e0f80000, 0x0000000716200000)
  object space 501248K, 4% used [0x00000005c2600000,0x00000005c3b29f60,0x00000005e0f80000)
 Metaspace       used 57054K, capacity 60884K, committed 61080K, reserved 1101824K
  class space    used 7810K, capacity 8524K, committed 8624K, reserved 1048576K
Event: 187.423 GC heap after
Heap after GC invocations=14 (full 5):
 PSYoungGen      total 331264K, used 0K [0x0000000716200000, 0x000000072d000000, 0x00000007c0000000)
  eden space 311808K, 0% used [0x0000000716200000,0x0000000716200000,0x0000000729280000)
  from space 19456K, 0% used [0x0000000729280000,0x0000000729280000,0x000000072a580000)
  to   space 19456K, 0% used [0x000000072bd00000,0x000000072bd00000,0x000000072d000000)
 ParOldGen       total 501248K, used 21776K [0x00000005c2600000, 0x00000005e0f80000, 0x0000000716200000)
  object space 501248K, 4% used [0x00000005c2600000,0x00000005c3b440b8,0x00000005e0f80000)
 Metaspace       used 57048K, capacity 60872K, committed 61080K, reserved 1101824K
  class space    used 7809K, capacity 8521K, committed 8624K, reserved 1048576K
}
Event: 306.331 GC heap before
{Heap before GC invocations=15 (full 5):
 PSYoungGen      total 331264K, used 223382K [0x0000000716200000, 0x000000072d000000, 0x00000007c0000000)
  eden space 311808K, 71% used [0x0000000716200000,0x0000000723c259c0,0x0000000729280000)
  from space 19456K, 0% used [0x0000000729280000,0x0000000729280000,0x000000072a580000)
  to   space 19456K, 0% used [0x000000072bd00000,0x000000072bd00000,0x000000072d000000)
 ParOldGen       total 501248K, used 21776K [0x00000005c2600000, 0x00000005e0f80000, 0x0000000716200000)
  object space 501248K, 4% used [0x00000005c2600000,0x00000005c3b440b8,0x00000005e0f80000)
 Metaspace       used 57865K, capacity 61864K, committed 62104K, reserved 1103872K
  class space    used 7901K, capacity 8618K, committed 8624K, reserved 1048576K
Event: 306.335 GC heap after
Heap after GC invocations=15 (full 5):
 PSYoungGen      total 355328K, used 6226K [0x0000000716200000, 0x000000072d000000, 0x00000007c0000000)
  eden space 335872K, 0% used [0x0000000716200000,0x0000000716200000,0x000000072aa00000)
  from space 19456K, 32% used [0x000000072bd00000,0x000000072c314948,0x000000072d000000)
  to   space 19456K, 0% used [0x000000072aa00000,0x000000072aa00000,0x000000072bd00000)
 ParOldGen       total 501248K, used 21784K [0x00000005c2600000, 0x00000005e0f80000, 0x0000000716200000)
  object space 501248K, 4% used [0x00000005c2600000,0x00000005c3b460b8,0x00000005e0f80000)
 Metaspace       used 57865K, capacity 61864K, committed 62104K, reserved 1103872K
  class space    used 7901K, capacity 8618K, committed 8624K, reserved 1048576K
}
Event: 306.335 GC heap before
{Heap before GC invocations=16 (full 6):
 PSYoungGen      total 355328K, used 6226K [0x0000000716200000, 0x000000072d000000, 0x00000007c0000000)
  eden space 335872K, 0% used [0x0000000716200000,0x0000000716200000,0x000000072aa00000)
  from space 19456K, 32% used [0x000000072bd00000,0x000000072c314948,0x000000072d000000)
  to   space 19456K, 0% used [0x000000072aa00000,0x000000072aa00000,0x000000072bd00000)
 ParOldGen       total 501248K, used 21784K [0x00000005c2600000, 0x00000005e0f80000, 0x0000000716200000)
  object space 501248K, 4% used [0x00000005c2600000,0x00000005c3b460b8,0x00000005e0f80000)
 Metaspace       used 57865K, capacity 61864K, committed 62104K, reserved 1103872K
  class space    used 7901K, capacity 8618K, committed 8624K, reserved 1048576K
Event: 306.464 GC heap after
Heap after GC invocations=16 (full 6):
 PSYoungGen      total 355328K, used 0K [0x0000000716200000, 0x000000072d000000, 0x00000007c0000000)
  eden space 335872K, 0% used [0x0000000716200000,0x0000000716200000,0x000000072aa00000)
  from space 19456K, 0% used [0x000000072bd00000,0x000000072bd00000,0x000000072d000000)
  to   space 19456K, 0% used [0x000000072aa00000,0x000000072aa00000,0x000000072bd00000)
 ParOldGen       total 501248K, used 22940K [0x00000005c2600000, 0x00000005e0f80000, 0x0000000716200000)
  object space 501248K, 4% used [0x00000005c2600000,0x00000005c3c671a0,0x00000005e0f80000)
 Metaspace       used 57858K, capacity 61852K, committed 62104K, reserved 1103872K
  class space    used 7900K, capacity 8615K, committed 8624K, reserved 1048576K
}
Event: 308.354 GC heap before
{Heap before GC invocations=17 (full 6):
 PSYoungGen      total 355328K, used 161008K [0x0000000716200000, 0x000000072d000000, 0x00000007c0000000)
  eden space 335872K, 47% used [0x0000000716200000,0x000000071ff3c078,0x000000072aa00000)
  from space 19456K, 0% used [0x000000072bd00000,0x000000072bd00000,0x000000072d000000)
  to   space 19456K, 0% used [0x000000072aa00000,0x000000072aa00000,0x000000072bd00000)
 ParOldGen       total 501248K, used 22940K [0x00000005c2600000, 0x00000005e0f80000, 0x0000000716200000)
  object space 501248K, 4% used [0x00000005c2600000,0x00000005c3c671a0,0x00000005e0f80000)
 Metaspace       used 58147K, capacity 62244K, committed 62488K, reserved 1103872K
  class space    used 7933K, capacity 8680K, committed 8752K, reserved 1048576K
Event: 308.357 GC heap after
Heap after GC invocations=17 (full 6):
 PSYoungGen      total 355328K, used 4178K [0x0000000716200000, 0x000000072d000000, 0x00000007c0000000)
  eden space 335872K, 0% used [0x0000000716200000,0x0000000716200000,0x000000072aa00000)
  from space 19456K, 21% used [0x000000072aa00000,0x000000072ae14ba0,0x000000072bd00000)
  to   space 19456K, 0% used [0x000000072bd00000,0x000000072bd00000,0x000000072d000000)
 ParOldGen       total 501248K, used 22948K [0x00000005c2600000, 0x00000005e0f80000, 0x0000000716200000)
  object space 501248K, 4% used [0x00000005c2600000,0x00000005c3c691a0,0x00000005e0f80000)
 Metaspace       used 58147K, capacity 62244K, committed 62488K, reserved 1103872K
  class space    used 7933K, capacity 8680K, committed 8752K, reserved 1048576K
}
Event: 308.357 GC heap before
{Heap before GC invocations=18 (full 7):
 PSYoungGen      total 355328K, used 4178K [0x0000000716200000, 0x000000072d000000, 0x00000007c0000000)
  eden space 335872K, 0% used [0x0000000716200000,0x0000000716200000,0x000000072aa00000)
  from space 19456K, 21% used [0x000000072aa00000,0x000000072ae14ba0,0x000000072bd00000)
  to   space 19456K, 0% used [0x000000072bd00000,0x000000072bd00000,0x000000072d000000)
 ParOldGen       total 501248K, used 22948K [0x00000005c2600000, 0x00000005e0f80000, 0x0000000716200000)
  object space 501248K, 4% used [0x00000005c2600000,0x00000005c3c691a0,0x00000005e0f80000)
 Metaspace       used 58147K, capacity 62244K, committed 62488K, reserved 1103872K
  class space    used 7933K, capacity 8680K, committed 8752K, reserved 1048576K
Event: 308.467 GC heap after
Heap after GC invocations=18 (full 7):
 PSYoungGen      total 355328K, used 0K [0x0000000716200000, 0x000000072d000000, 0x00000007c0000000)
  eden space 335872K, 0% used [0x0000000716200000,0x0000000716200000,0x000000072aa00000)
  from space 19456K, 0% used [0x000000072aa00000,0x000000072aa00000,0x000000072bd00000)
  to   space 19456K, 0% used [0x000000072bd00000,0x000000072bd00000,0x000000072d000000)
 ParOldGen       total 501248K, used 21304K [0x00000005c2600000, 0x00000005e0f80000, 0x0000000716200000)
  object space 501248K, 4% used [0x00000005c2600000,0x00000005c3ace390,0x00000005e0f80000)
 Metaspace       used 58144K, capacity 62238K, committed 62488K, reserved 1103872K
  class space    used 7932K, capacity 8678K, committed 8752K, reserved 1048576K
}

